<?xml version="1.0" encoding="UTF-8"?>
<testsuite name="Параметризованные тесты на поиск значений" tests="2" skipped="0" failures="0" errors="0" timestamp="2023-11-18T23:16:58" hostname="ARSENY" time="5.314">
  <properties/>
  <testcase name="Проверка текста для поискового запроса Русcкий" classname="tests.PobedaAeroWebTest" time="3.155"/>
  <testcase name="Проверка текста для поискового запроса English" classname="tests.PobedaAeroWebTest" time="2.158"/>
  <system-out><![CDATA[]]></system-out>
  <system-err><![CDATA[[Test worker] INFO com.codeborne.selenide.impl.WebDriverThreadLocalContainer - No webdriver is bound to current thread: 1 - let's create a new webdriver
[Test worker] INFO com.codeborne.selenide.impl.FileHelper - Creating folder: C:\Users\arbek\IdeaProjects\qa_guru_23_junit-\build\downloads\1700349418650_21496_1
[Test worker] INFO com.codeborne.selenide.webdriver.SelenideNettyClientFactory - Changed readTimeout from PT3M to PT1M30S
[Test worker] INFO com.codeborne.selenide.webdriver.SelenideNettyClientFactory - Changed readTimeout from PT3M to PT1M30S
нояб. 19, 2023 2:17:00 AM org.openqa.selenium.devtools.CdpVersionFinder findNearestMatch
WARNING: Unable to find an exact match for CDP version 118, so returning the closest version found: 117
[Test worker] INFO com.codeborne.selenide.webdriver.WebDriverFactory - BrowserName=chrome Version=118.0.5993.70 Platform=windows
[Test worker] INFO com.codeborne.selenide.webdriver.WebDriverFactory - Selenide v. 6.19.1
[Test worker] INFO com.codeborne.selenide.webdriver.WebDriverFactory - Selenium WebDriver v. 4.13.0 build revision: ba948ece5b*
[Test worker] INFO com.codeborne.selenide.drivercommands.CreateDriverCommand - Created webdriver in thread 1: ChromeDriver -> ChromeDriver: chrome on windows (9a161e2e74b80a7300b8d0173851a3f9)
[Test worker] INFO com.codeborne.selenide.drivercommands.DisposablesRegistry - Register WebDriverInstance[config=StaticConfig,webDriver=ChromeDriver: chrome on windows (9a161e2e74b80a7300b8d0173851a3f9),proxy=null,downloadsFolder=C:\Users\arbek\IdeaProjects\qa_guru_23_junit-\build\downloads\1700349418650_21496_1] in 1 [size=1]
[Test worker] INFO com.codeborne.selenide.drivercommands.DisposablesRegistry - Add shutdown hook in 1 [size=1]
[Test worker] INFO com.codeborne.selenide.impl.FileHelper - Deleted empty folder: C:\Users\arbek\IdeaProjects\qa_guru_23_junit-\build\downloads\1700349418650_21496_1
[Test worker] INFO com.codeborne.selenide.drivercommands.CloseDriverCommand - Close webdriver: 1 -> ChromeDriver: chrome on windows (9a161e2e74b80a7300b8d0173851a3f9)...
[Test worker] INFO com.codeborne.selenide.drivercommands.CloseDriverCommand - Closed webdriver 1 in 342 ms
[Test worker] INFO com.codeborne.selenide.drivercommands.DisposablesRegistry - Unregister WebDriverInstance[config=StaticConfig,webDriver=ChromeDriver: chrome on windows (null),proxy=null,downloadsFolder=C:\Users\arbek\IdeaProjects\qa_guru_23_junit-\build\downloads\1700349418650_21496_1] in 1 [size=0]
[Test worker] INFO com.codeborne.selenide.impl.WebDriverThreadLocalContainer - No webdriver is bound to current thread: 1 - let's create a new webdriver
[Test worker] INFO com.codeborne.selenide.impl.FileHelper - Creating folder: C:\Users\arbek\IdeaProjects\qa_guru_23_junit-\build\downloads\1700349421768_21496_1
[Test worker] INFO com.codeborne.selenide.webdriver.SelenideNettyClientFactory - Changed readTimeout from PT3M to PT1M30S
[Test worker] INFO com.codeborne.selenide.webdriver.SelenideNettyClientFactory - Changed readTimeout from PT3M to PT1M30S
нояб. 19, 2023 2:17:02 AM org.openqa.selenium.devtools.CdpVersionFinder findNearestMatch
WARNING: Unable to find an exact match for CDP version 118, so returning the closest version found: 117
[Test worker] INFO com.codeborne.selenide.webdriver.WebDriverFactory - BrowserName=chrome Version=118.0.5993.70 Platform=windows
[Test worker] INFO com.codeborne.selenide.webdriver.WebDriverFactory - Selenide v. 6.19.1
[Test worker] INFO com.codeborne.selenide.webdriver.WebDriverFactory - Selenium WebDriver v. 4.13.0 build revision: ba948ece5b*
[Test worker] INFO com.codeborne.selenide.drivercommands.CreateDriverCommand - Created webdriver in thread 1: ChromeDriver -> ChromeDriver: chrome on windows (d78111e2ff5204b4d27c28accad6fe51)
[Test worker] INFO com.codeborne.selenide.drivercommands.DisposablesRegistry - Register WebDriverInstance[config=StaticConfig,webDriver=ChromeDriver: chrome on windows (d78111e2ff5204b4d27c28accad6fe51),proxy=null,downloadsFolder=C:\Users\arbek\IdeaProjects\qa_guru_23_junit-\build\downloads\1700349421768_21496_1] in 1 [size=1]
[Test worker] INFO com.codeborne.selenide.impl.FileHelper - Deleted empty folder: C:\Users\arbek\IdeaProjects\qa_guru_23_junit-\build\downloads\1700349421768_21496_1
[Test worker] INFO com.codeborne.selenide.drivercommands.CloseDriverCommand - Close webdriver: 1 -> ChromeDriver: chrome on windows (d78111e2ff5204b4d27c28accad6fe51)...
[Test worker] INFO com.codeborne.selenide.drivercommands.CloseDriverCommand - Closed webdriver 1 in 183 ms
[Test worker] INFO com.codeborne.selenide.drivercommands.DisposablesRegistry - Unregister WebDriverInstance[config=StaticConfig,webDriver=ChromeDriver: chrome on windows (null),proxy=null,downloadsFolder=C:\Users\arbek\IdeaProjects\qa_guru_23_junit-\build\downloads\1700349421768_21496_1] in 1 [size=0]
]]></system-err>
</testsuite>
